info: Microsoft.EntityFrameworkCore.Database.Command[20101]
      Executed DbCommand (1ms) [Parameters=[], CommandType='Text', CommandTimeout='30']
      SELECT [u].[ID_User], [u].[Email], [u].[FirstName], [u].[ID_Group], [u].[ID_Role], [u].[Login], [u].[MiddleName], [u].[Password], [u].[SecondName]
      FROM [User] AS [u]
info: Microsoft.EntityFrameworkCore.Database.Command[20101]
      Executed DbCommand (1ms) [Parameters=[], CommandType='Text', CommandTimeout='30']
      SELECT [r].[ID_Role], [r].[Role_Name]
      FROM [Role] AS [r]
info: Microsoft.EntityFrameworkCore.Database.Command[20101]
      Executed DbCommand (1ms) [Parameters=[], CommandType='Text', CommandTimeout='30']
      SELECT [g].[ID_Group], [g].[Name_Group]
      FROM [Group] AS [g]
info: Microsoft.EntityFrameworkCore.Database.Command[20101]
      Executed DbCommand (0ms) [Parameters=[], CommandType='Text', CommandTimeout='30']
      SELECT [u].[ID_User], [u].[Email], [u].[FirstName], [u].[ID_Group], [u].[ID_Role], [u].[Login], [u].[MiddleName], [u].[Password], [u].[SecondName]
      FROM [User] AS [u]
info: Microsoft.EntityFrameworkCore.Database.Command[20101]
      Executed DbCommand (1ms) [Parameters=[], CommandType='Text', CommandTimeout='30']
      SELECT [r].[ID_Role], [r].[Role_Name]
      FROM [Role] AS [r]
info: Microsoft.EntityFrameworkCore.Database.Command[20101]
      Executed DbCommand (1ms) [Parameters=[], CommandType='Text', CommandTimeout='30']
      SELECT [g].[ID_Group], [g].[Name_Group]
      FROM [Group] AS [g]
info: Microsoft.EntityFrameworkCore.Database.Command[20101]
      Executed DbCommand (3ms) [Parameters=[@__p_0='?' (DbType = Int32)], CommandType='Text', CommandTimeout='30']
      SELECT TOP(1) [u].[ID_User], [u].[Email], [u].[FirstName], [u].[ID_Group], [u].[ID_Role], [u].[Login], [u].[MiddleName], [u].[Password], [u].[SecondName]
      FROM [User] AS [u]
      WHERE [u].[ID_User] = @__p_0
info: Microsoft.EntityFrameworkCore.Database.Command[20101]
      Executed DbCommand (4ms) [Parameters=[@p8='?' (DbType = Int32), @p0='?' (Size = 255), @p1='?' (Size = 64), @p2='?' (DbType = Int32), @p3='?' (DbType = Int32), @p4='?' (Size = 150), @p5='?' (Size = 64), @p6='?' (Size = 150), @p7='?' (Size = 64)], CommandType='Text', CommandTimeout='30']
      SET IMPLICIT_TRANSACTIONS OFF;
      SET NOCOUNT ON;
      UPDATE [User] SET [Email] = @p0, [FirstName] = @p1, [ID_Group] = @p2, [ID_Role] = @p3, [Login] = @p4, [MiddleName] = @p5, [Password] = @p6, [SecondName] = @p7
      OUTPUT 1
      WHERE [ID_User] = @p8;
info: Microsoft.EntityFrameworkCore.Database.Command[20101]
      Executed DbCommand (1ms) [Parameters=[], CommandType='Text', CommandTimeout='30']
      SELECT [u].[ID_User], [u].[Email], [u].[FirstName], [u].[ID_Group], [u].[ID_Role], [u].[Login], [u].[MiddleName], [u].[Password], [u].[SecondName]
      FROM [User] AS [u]
info: Microsoft.EntityFrameworkCore.Database.Command[20101]
      Executed DbCommand (1ms) [Parameters=[], CommandType='Text', CommandTimeout='30']
      SELECT [r].[ID_Role], [r].[Role_Name]
      FROM [Role] AS [r]
info: Microsoft.EntityFrameworkCore.Database.Command[20101]
      Executed DbCommand (1ms) [Parameters=[], CommandType='Text', CommandTimeout='30']
      SELECT [g].[ID_Group], [g].[Name_Group]
      FROM [Group] AS [g]
info: Microsoft.EntityFrameworkCore.Database.Command[20101]
      Executed DbCommand (3ms) [Parameters=[], CommandType='Text', CommandTimeout='30']
      SELECT [g].[ID_Group], [g].[Name_Group]
      FROM [Group] AS [g]
info: Microsoft.EntityFrameworkCore.Database.Command[20101]
      Executed DbCommand (1ms) [Parameters=[], CommandType='Text', CommandTimeout='30']
      SELECT [g].[ID_Group], [g].[Name_Group]
      FROM [Group] AS [g]
info: Microsoft.EntityFrameworkCore.Database.Command[20101]
      Executed DbCommand (2ms) [Parameters=[], CommandType='Text', CommandTimeout='30']
      SELECT [g].[ID_Group], [g].[Name_Group]
      FROM [Group] AS [g]
info: Microsoft.EntityFrameworkCore.Database.Command[20101]
      Executed DbCommand (2ms) [Parameters=[@__p_0='?' (DbType = Int32)], CommandType='Text', CommandTimeout='30']
      SELECT TOP(1) [g].[ID_Group], [g].[Name_Group]
      FROM [Group] AS [g]
      WHERE [g].[ID_Group] = @__p_0
info: Microsoft.EntityFrameworkCore.Database.Command[20101]
      Executed DbCommand (3ms) [Parameters=[@p0='?' (DbType = Int32)], CommandType='Text', CommandTimeout='30']
      SET IMPLICIT_TRANSACTIONS OFF;
      SET NOCOUNT ON;
      DELETE FROM [Group]
      OUTPUT 1
      WHERE [ID_Group] = @p0;
info: Microsoft.EntityFrameworkCore.Database.Command[20101]
      Executed DbCommand (1ms) [Parameters=[], CommandType='Text', CommandTimeout='30']
      SELECT [g].[ID_Group], [g].[Name_Group]
      FROM [Group] AS [g]
info: Microsoft.EntityFrameworkCore.Database.Command[20101]
      Executed DbCommand (1ms) [Parameters=[@__p_0='?' (DbType = Int32)], CommandType='Text', CommandTimeout='30']
      SELECT TOP(1) [g].[ID_Group], [g].[Name_Group]
      FROM [Group] AS [g]
      WHERE [g].[ID_Group] = @__p_0
info: Microsoft.EntityFrameworkCore.Database.Command[20101]
      Executed DbCommand (2ms) [Parameters=[@p0='?' (DbType = Int32)], CommandType='Text', CommandTimeout='30']
      SET IMPLICIT_TRANSACTIONS OFF;
      SET NOCOUNT ON;
      DELETE FROM [Group]
      OUTPUT 1
      WHERE [ID_Group] = @p0;
info: Microsoft.EntityFrameworkCore.Database.Command[20101]
      Executed DbCommand (1ms) [Parameters=[], CommandType='Text', CommandTimeout='30']
      SELECT [g].[ID_Group], [g].[Name_Group]
      FROM [Group] AS [g]
info: Microsoft.EntityFrameworkCore.Database.Command[20101]
      Executed DbCommand (1ms) [Parameters=[@__p_0='?' (DbType = Int32)], CommandType='Text', CommandTimeout='30']
      SELECT TOP(1) [g].[ID_Group], [g].[Name_Group]
      FROM [Group] AS [g]
      WHERE [g].[ID_Group] = @__p_0
info: Microsoft.EntityFrameworkCore.Database.Command[20101]
      Executed DbCommand (2ms) [Parameters=[@p0='?' (DbType = Int32)], CommandType='Text', CommandTimeout='30']
      SET IMPLICIT_TRANSACTIONS OFF;
      SET NOCOUNT ON;
      DELETE FROM [Group]
      OUTPUT 1
      WHERE [ID_Group] = @p0;
info: Microsoft.EntityFrameworkCore.Database.Command[20101]
      Executed DbCommand (1ms) [Parameters=[], CommandType='Text', CommandTimeout='30']
      SELECT [g].[ID_Group], [g].[Name_Group]
      FROM [Group] AS [g]
info: Microsoft.EntityFrameworkCore.Database.Command[20101]
      Executed DbCommand (2ms) [Parameters=[@__p_0='?' (DbType = Int32)], CommandType='Text', CommandTimeout='30']
      SELECT TOP(1) [g].[ID_Group], [g].[Name_Group]
      FROM [Group] AS [g]
      WHERE [g].[ID_Group] = @__p_0
info: Microsoft.EntityFrameworkCore.Database.Command[20101]
      Executed DbCommand (2ms) [Parameters=[@p0='?' (DbType = Int32)], CommandType='Text', CommandTimeout='30']
      SET IMPLICIT_TRANSACTIONS OFF;
      SET NOCOUNT ON;
      DELETE FROM [Group]
      OUTPUT 1
      WHERE [ID_Group] = @p0;
info: Microsoft.EntityFrameworkCore.Database.Command[20101]
      Executed DbCommand (2ms) [Parameters=[], CommandType='Text', CommandTimeout='30']
      SELECT [g].[ID_Group], [g].[Name_Group]
      FROM [Group] AS [g]
info: Microsoft.EntityFrameworkCore.Database.Command[20101]
      Executed DbCommand (1ms) [Parameters=[], CommandType='Text', CommandTimeout='30']
      SELECT [g].[ID_Group], [g].[Name_Group]
      FROM [Group] AS [g]
info: Microsoft.EntityFrameworkCore.Database.Command[20101]
      Executed DbCommand (2ms) [Parameters=[], CommandType='Text', CommandTimeout='30']
      SELECT [u].[ID_User], [u].[Email], [u].[FirstName], [u].[ID_Group], [u].[ID_Role], [u].[Login], [u].[MiddleName], [u].[Password], [u].[SecondName]
      FROM [User] AS [u]
info: Microsoft.EntityFrameworkCore.Database.Command[20101]
      Executed DbCommand (2ms) [Parameters=[], CommandType='Text', CommandTimeout='30']
      SELECT [s].[ID_Subject], [s].[ID_Group], [s].[Name_Subject], [s].[User_ID]
      FROM [Subject] AS [s]
info: Microsoft.EntityFrameworkCore.Database.Command[20101]
      Executed DbCommand (1ms) [Parameters=[], CommandType='Text', CommandTimeout='30']
      SELECT [u].[ID_User], [u].[Email], [u].[FirstName], [u].[ID_Group], [u].[ID_Role], [u].[Login], [u].[MiddleName], [u].[Password], [u].[SecondName]
      FROM [User] AS [u]
info: Microsoft.EntityFrameworkCore.Database.Command[20101]
      Executed DbCommand (2ms) [Parameters=[], CommandType='Text', CommandTimeout='30']
      SELECT [r].[ID_Role], [r].[Role_Name]
      FROM [Role] AS [r]
info: Microsoft.EntityFrameworkCore.Database.Command[20101]
      Executed DbCommand (2ms) [Parameters=[], CommandType='Text', CommandTimeout='30']
      SELECT [g].[ID_Group], [g].[Name_Group]
      FROM [Group] AS [g]
warn: Microsoft.AspNetCore.Server.Kestrel[0]
      Overriding address(es) 'http://*:8080'. Binding to endpoints defined via IConfiguration and/or UseKestrel() instead.
info: Microsoft.Hosting.Lifetime[14]
      Now listening on: http://[::]:80
info: Microsoft.Hosting.Lifetime[0]
      Application started. Press Ctrl+C to shut down.
info: Microsoft.Hosting.Lifetime[0]
      Hosting environment: Development
info: Microsoft.Hosting.Lifetime[0]
      Content root path: /app
warn: Microsoft.AspNetCore.HttpsPolicy.HttpsRedirectionMiddleware[3]
      Failed to determine the https port for redirect.
info: Microsoft.EntityFrameworkCore.Database.Command[20101]
      Executed DbCommand (20ms) [Parameters=[], CommandType='Text', CommandTimeout='30']
      SELECT [u].[ID_User], [u].[Email], [u].[FirstName], [u].[ID_Group], [u].[ID_Role], [u].[Login], [u].[MiddleName], [u].[Password], [u].[SecondName]
      FROM [User] AS [u]
info: Microsoft.EntityFrameworkCore.Database.Command[20101]
      Executed DbCommand (1ms) [Parameters=[], CommandType='Text', CommandTimeout='30']
      SELECT [u].[ID_User], [u].[Email], [u].[FirstName], [u].[ID_Group], [u].[ID_Role], [u].[Login], [u].[MiddleName], [u].[Password], [u].[SecondName]
      FROM [User] AS [u]
info: Microsoft.EntityFrameworkCore.Database.Command[20101]
      Executed DbCommand (1ms) [Parameters=[], CommandType='Text', CommandTimeout='30']
      SELECT [u].[ID_User], [u].[Email], [u].[FirstName], [u].[ID_Group], [u].[ID_Role], [u].[Login], [u].[MiddleName], [u].[Password], [u].[SecondName]
      FROM [User] AS [u]
info: Microsoft.EntityFrameworkCore.Database.Command[20101]
      Executed DbCommand (1ms) [Parameters=[], CommandType='Text', CommandTimeout='30']
      SELECT [u].[ID_User], [u].[Email], [u].[FirstName], [u].[ID_Group], [u].[ID_Role], [u].[Login], [u].[MiddleName], [u].[Password], [u].[SecondName]
      FROM [User] AS [u]
info: Microsoft.Hosting.Lifetime[0]
      Application is shutting down...
warn: Microsoft.AspNetCore.Server.Kestrel[0]
      Overriding address(es) 'http://*:8080'. Binding to endpoints defined via IConfiguration and/or UseKestrel() instead.
info: Microsoft.Hosting.Lifetime[14]
      Now listening on: http://[::]:80
info: Microsoft.Hosting.Lifetime[0]
      Application started. Press Ctrl+C to shut down.
info: Microsoft.Hosting.Lifetime[0]
      Hosting environment: Development
info: Microsoft.Hosting.Lifetime[0]
      Content root path: /app
warn: Microsoft.AspNetCore.HttpsPolicy.HttpsRedirectionMiddleware[3]
      Failed to determine the https port for redirect.
info: Microsoft.EntityFrameworkCore.Database.Command[20101]
      Executed DbCommand (16ms) [Parameters=[], CommandType='Text', CommandTimeout='30']
      SELECT [u].[ID_User], [u].[Email], [u].[FirstName], [u].[ID_Group], [u].[ID_Role], [u].[Login], [u].[MiddleName], [u].[Password], [u].[SecondName]
      FROM [User] AS [u]
info: Microsoft.EntityFrameworkCore.Database.Command[20101]
      Executed DbCommand (3ms) [Parameters=[], CommandType='Text', CommandTimeout='30']
      SELECT [u].[ID_User], [u].[Email], [u].[FirstName], [u].[ID_Group], [u].[ID_Role], [u].[Login], [u].[MiddleName], [u].[Password], [u].[SecondName]
      FROM [User] AS [u]
info: Microsoft.Hosting.Lifetime[0]
      Application is shutting down...
