warn: Microsoft.AspNetCore.Server.Kestrel[0]
      Overriding address(es) 'http://*:8080'. Binding to endpoints defined via IConfiguration and/or UseKestrel() instead.
info: Microsoft.Hosting.Lifetime[14]
      Now listening on: http://[::]:80
info: Microsoft.Hosting.Lifetime[0]
      Application started. Press Ctrl+C to shut down.
info: Microsoft.Hosting.Lifetime[0]
      Hosting environment: Development
info: Microsoft.Hosting.Lifetime[0]
      Content root path: /app
warn: Microsoft.AspNetCore.HttpsPolicy.HttpsRedirectionMiddleware[3]
      Failed to determine the https port for redirect.
info: Microsoft.EntityFrameworkCore.Database.Command[20101]
      Executed DbCommand (16ms) [Parameters=[], CommandType='Text', CommandTimeout='30']
      SELECT [u].[ID_User], [u].[Email], [u].[FirstName], [u].[ID_Group], [u].[ID_Role], [u].[Login], [u].[MiddleName], [u].[Password], [u].[SecondName]
      FROM [User] AS [u]
info: Microsoft.EntityFrameworkCore.Database.Command[20101]
      Executed DbCommand (2ms) [Parameters=[], CommandType='Text', CommandTimeout='30']
      SELECT [s].[ID_Subject], [s].[ID_Group], [s].[Name_Subject], [s].[User_ID]
      FROM [Subject] AS [s]
info: Microsoft.EntityFrameworkCore.Database.Command[20101]
      Executed DbCommand (3ms) [Parameters=[], CommandType='Text', CommandTimeout='30']
      SELECT [g].[ID_Group], [g].[Name_Group]
      FROM [Group] AS [g]
info: Microsoft.EntityFrameworkCore.Database.Command[20101]
      Executed DbCommand (1ms) [Parameters=[], CommandType='Text', CommandTimeout='30']
      SELECT [u].[ID_User], [u].[Email], [u].[FirstName], [u].[ID_Group], [u].[ID_Role], [u].[Login], [u].[MiddleName], [u].[Password], [u].[SecondName]
      FROM [User] AS [u]
info: Microsoft.EntityFrameworkCore.Database.Command[20101]
      Executed DbCommand (8ms) [Parameters=[@__p_0='?' (DbType = Int32)], CommandType='Text', CommandTimeout='30']
      SELECT TOP(1) [s].[ID_Subject], [s].[ID_Group], [s].[Name_Subject], [s].[User_ID]
      FROM [Subject] AS [s]
      WHERE [s].[ID_Subject] = @__p_0
info: Microsoft.EntityFrameworkCore.Database.Command[20101]
      Executed DbCommand (4ms) [Parameters=[@__p_0='?' (DbType = Int32)], CommandType='Text', CommandTimeout='30']
      SELECT TOP(1) [g].[ID_Group], [g].[Name_Group]
      FROM [Group] AS [g]
      WHERE [g].[ID_Group] = @__p_0
info: Microsoft.EntityFrameworkCore.Database.Command[20101]
      Executed DbCommand (1ms) [Parameters=[], CommandType='Text', CommandTimeout='30']
      SELECT [u].[ID_User], [u].[Email], [u].[FirstName], [u].[ID_Group], [u].[ID_Role], [u].[Login], [u].[MiddleName], [u].[Password], [u].[SecondName]
      FROM [User] AS [u]
info: Microsoft.EntityFrameworkCore.Database.Command[20101]
      Executed DbCommand (2ms) [Parameters=[], CommandType='Text', CommandTimeout='30']
      SELECT [l].[ID_LectionMaterial], [l].[DateUpload_LectionMaterial], [l].[Description_LectionMaterial], [l].[Name_FileLection], [l].[Name_LectionMaterial], [l].[Subject_ID], [l].[TimeUpload_LectionMaterial], [l].[URL_FileLection], [l].[User_ID]
      FROM [LectionMaterial] AS [l]
info: Microsoft.EntityFrameworkCore.Database.Command[20101]
      Executed DbCommand (2ms) [Parameters=[], CommandType='Text', CommandTimeout='30']
      SELECT [p].[ID_PracticalWork], [p].[DateUpload_PracticalWork], [p].[Description_PracticalWork], [p].[Name_FilePracticalWork], [p].[Name_PracticalWork], [p].[Subject_ID], [p].[TimeUpload_PracticalWork], [p].[URL_FilePracticalWork], [p].[User_ID]
      FROM [PracticalWork] AS [p]
info: Microsoft.EntityFrameworkCore.Database.Command[20101]
      Executed DbCommand (2ms) [Parameters=[], CommandType='Text', CommandTimeout='30']
      SELECT [t].[ID_Test], [t].[DateUpload_Test], [t].[Description_Test], [t].[Name_Test], [t].[Subject_ID], [t].[TimeLimit], [t].[TimeUpload_Test], [t].[User_ID]
      FROM [Tests] AS [t]
info: Microsoft.EntityFrameworkCore.Database.Command[20101]
      Executed DbCommand (3ms) [Parameters=[@__p_0='?' (DbType = Int32)], CommandType='Text', CommandTimeout='30']
      SELECT TOP(1) [u].[ID_User], [u].[Email], [u].[FirstName], [u].[ID_Group], [u].[ID_Role], [u].[Login], [u].[MiddleName], [u].[Password], [u].[SecondName]
      FROM [User] AS [u]
      WHERE [u].[ID_User] = @__p_0
info: Microsoft.EntityFrameworkCore.Database.Command[20101]
      Executed DbCommand (3ms) [Parameters=[@__p_0='?' (DbType = Int32)], CommandType='Text', CommandTimeout='30']
      SELECT TOP(1) [p].[ID_PracticalWork], [p].[DateUpload_PracticalWork], [p].[Description_PracticalWork], [p].[Name_FilePracticalWork], [p].[Name_PracticalWork], [p].[Subject_ID], [p].[TimeUpload_PracticalWork], [p].[URL_FilePracticalWork], [p].[User_ID]
      FROM [PracticalWork] AS [p]
      WHERE [p].[ID_PracticalWork] = @__p_0
info: Microsoft.EntityFrameworkCore.Database.Command[20101]
      Executed DbCommand (1ms) [Parameters=[@__p_0='?' (DbType = Int32)], CommandType='Text', CommandTimeout='30']
      SELECT TOP(1) [s].[ID_Subject], [s].[ID_Group], [s].[Name_Subject], [s].[User_ID]
      FROM [Subject] AS [s]
      WHERE [s].[ID_Subject] = @__p_0
info: Microsoft.EntityFrameworkCore.Database.Command[20101]
      Executed DbCommand (2ms) [Parameters=[], CommandType='Text', CommandTimeout='30']
      SELECT [c].[ID_CompletedWork], [c].[AttemptCount], [c].[DateUpload_CompletedWork], [c].[Grade], [c].[Name_FileCompletedWork], [c].[PracticalWork_ID], [c].[Status_ID], [c].[TimeUpload_CompletedWork], [c].[URL_FileCompletedWork], [c].[User_ID]
      FROM [CompletedWork] AS [c]
info: Microsoft.EntityFrameworkCore.Database.Command[20101]
      Executed DbCommand (1ms) [Parameters=[], CommandType='Text', CommandTimeout='30']
      SELECT [u].[ID_User], [u].[Email], [u].[FirstName], [u].[ID_Group], [u].[ID_Role], [u].[Login], [u].[MiddleName], [u].[Password], [u].[SecondName]
      FROM [User] AS [u]
info: Microsoft.EntityFrameworkCore.Database.Command[20101]
      Executed DbCommand (1ms) [Parameters=[@__p_0='?' (DbType = Int32)], CommandType='Text', CommandTimeout='30']
      SELECT TOP(1) [p].[ID_PracticalWork], [p].[DateUpload_PracticalWork], [p].[Description_PracticalWork], [p].[Name_FilePracticalWork], [p].[Name_PracticalWork], [p].[Subject_ID], [p].[TimeUpload_PracticalWork], [p].[URL_FilePracticalWork], [p].[User_ID]
      FROM [PracticalWork] AS [p]
      WHERE [p].[ID_PracticalWork] = @__p_0
info: Microsoft.EntityFrameworkCore.Database.Command[20101]
      Executed DbCommand (1ms) [Parameters=[@__p_0='?' (DbType = Int32)], CommandType='Text', CommandTimeout='30']
      SELECT TOP(1) [s].[ID_Subject], [s].[ID_Group], [s].[Name_Subject], [s].[User_ID]
      FROM [Subject] AS [s]
      WHERE [s].[ID_Subject] = @__p_0
info: Microsoft.EntityFrameworkCore.Database.Command[20101]
      Executed DbCommand (1ms) [Parameters=[@__p_0='?' (DbType = Int32)], CommandType='Text', CommandTimeout='30']
      SELECT TOP(1) [g].[ID_Group], [g].[Name_Group]
      FROM [Group] AS [g]
      WHERE [g].[ID_Group] = @__p_0
info: Microsoft.EntityFrameworkCore.Database.Command[20101]
      Executed DbCommand (3ms) [Parameters=[@__id_0='?' (DbType = Int32)], CommandType='Text', CommandTimeout='30']
      SELECT [c].[ID_CompletedWork], [c].[AttemptCount], [c].[DateUpload_CompletedWork], [c].[Grade], [c].[Name_FileCompletedWork], [c].[PracticalWork_ID], [c].[Status_ID], [c].[TimeUpload_CompletedWork], [c].[URL_FileCompletedWork], [c].[User_ID]
      FROM [CompletedWork] AS [c]
      WHERE [c].[PracticalWork_ID] = @__id_0
info: Microsoft.EntityFrameworkCore.Database.Command[20101]
      Executed DbCommand (1ms) [Parameters=[@__p_0='?' (DbType = Int32)], CommandType='Text', CommandTimeout='30']
      SELECT TOP(1) [u].[ID_User], [u].[Email], [u].[FirstName], [u].[ID_Group], [u].[ID_Role], [u].[Login], [u].[MiddleName], [u].[Password], [u].[SecondName]
      FROM [User] AS [u]
      WHERE [u].[ID_User] = @__p_0
info: Microsoft.EntityFrameworkCore.Database.Command[20101]
      Executed DbCommand (1ms) [Parameters=[@__p_0='?' (DbType = Int32)], CommandType='Text', CommandTimeout='30']
      SELECT TOP(1) [u].[ID_User], [u].[Email], [u].[FirstName], [u].[ID_Group], [u].[ID_Role], [u].[Login], [u].[MiddleName], [u].[Password], [u].[SecondName]
      FROM [User] AS [u]
      WHERE [u].[ID_User] = @__p_0
info: Microsoft.EntityFrameworkCore.Database.Command[20101]
      Executed DbCommand (1ms) [Parameters=[@__p_0='?' (DbType = Int32)], CommandType='Text', CommandTimeout='30']
      SELECT TOP(1) [u].[ID_User], [u].[Email], [u].[FirstName], [u].[ID_Group], [u].[ID_Role], [u].[Login], [u].[MiddleName], [u].[Password], [u].[SecondName]
      FROM [User] AS [u]
      WHERE [u].[ID_User] = @__p_0
info: Microsoft.EntityFrameworkCore.Database.Command[20101]
      Executed DbCommand (1ms) [Parameters=[], CommandType='Text', CommandTimeout='30']
      SELECT [u].[ID_User], [u].[Email], [u].[FirstName], [u].[ID_Group], [u].[ID_Role], [u].[Login], [u].[MiddleName], [u].[Password], [u].[SecondName]
      FROM [User] AS [u]
info: Microsoft.EntityFrameworkCore.Database.Command[20101]
      Executed DbCommand (1ms) [Parameters=[], CommandType='Text', CommandTimeout='30']
      SELECT [u].[ID_User], [u].[Email], [u].[FirstName], [u].[ID_Group], [u].[ID_Role], [u].[Login], [u].[MiddleName], [u].[Password], [u].[SecondName]
      FROM [User] AS [u]
info: Microsoft.EntityFrameworkCore.Database.Command[20101]
      Executed DbCommand (1ms) [Parameters=[], CommandType='Text', CommandTimeout='30']
      SELECT [u].[ID_User], [u].[Email], [u].[FirstName], [u].[ID_Group], [u].[ID_Role], [u].[Login], [u].[MiddleName], [u].[Password], [u].[SecondName]
      FROM [User] AS [u]
info: Microsoft.EntityFrameworkCore.Database.Command[20101]
      Executed DbCommand (3ms) [Parameters=[], CommandType='Text', CommandTimeout='30']
      SELECT [u].[ID_User], [u].[Email], [u].[FirstName], [u].[ID_Group], [u].[ID_Role], [u].[Login], [u].[MiddleName], [u].[Password], [u].[SecondName]
      FROM [User] AS [u]
info: Microsoft.Hosting.Lifetime[0]
      Application is shutting down...
