      SELECT [l].[ID_LectionMaterial], [l].[DateUpload_LectionMaterial], [l].[Description_LectionMaterial], [l].[Name_FileLection], [l].[Name_LectionMaterial], [l].[Subject_ID], [l].[TimeUpload_LectionMaterial], [l].[URL_FileLection], [l].[User_ID]
      FROM [LectionMaterial] AS [l]
info: Microsoft.EntityFrameworkCore.Database.Command[20101]
      Executed DbCommand (1ms) [Parameters=[], CommandType='Text', CommandTimeout='30']
      SELECT [p].[ID_PracticalWork], [p].[DateUpload_PracticalWork], [p].[Description_PracticalWork], [p].[Name_FilePracticalWork], [p].[Name_PracticalWork], [p].[Subject_ID], [p].[TimeUpload_PracticalWork], [p].[URL_FilePracticalWork], [p].[User_ID]
      FROM [PracticalWork] AS [p]
info: Microsoft.EntityFrameworkCore.Database.Command[20101]
      Executed DbCommand (1ms) [Parameters=[], CommandType='Text', CommandTimeout='30']
      SELECT [t].[ID_Test], [t].[DateUpload_Test], [t].[Description_Test], [t].[Name_Test], [t].[Subject_ID], [t].[TimeLimit], [t].[TimeUpload_Test], [t].[User_ID]
      FROM [Tests] AS [t]
info: Microsoft.EntityFrameworkCore.Database.Command[20101]
      Executed DbCommand (1ms) [Parameters=[@__p_0='?' (DbType = Int32)], CommandType='Text', CommandTimeout='30']
      SELECT TOP(1) [u].[ID_User], [u].[Email], [u].[FirstName], [u].[ID_Group], [u].[ID_Role], [u].[Login], [u].[MiddleName], [u].[Password], [u].[SecondName]
      FROM [User] AS [u]
      WHERE [u].[ID_User] = @__p_0
info: Microsoft.EntityFrameworkCore.Database.Command[20101]
      Executed DbCommand (1ms) [Parameters=[@__p_0='?' (DbType = Int32)], CommandType='Text', CommandTimeout='30']
      SELECT TOP(1) [p].[ID_PracticalWork], [p].[DateUpload_PracticalWork], [p].[Description_PracticalWork], [p].[Name_FilePracticalWork], [p].[Name_PracticalWork], [p].[Subject_ID], [p].[TimeUpload_PracticalWork], [p].[URL_FilePracticalWork], [p].[User_ID]
      FROM [PracticalWork] AS [p]
      WHERE [p].[ID_PracticalWork] = @__p_0
info: Microsoft.EntityFrameworkCore.Database.Command[20101]
      Executed DbCommand (2ms) [Parameters=[@__p_0='?' (DbType = Int32)], CommandType='Text', CommandTimeout='30']
      SELECT TOP(1) [s].[ID_Subject], [s].[ID_Group], [s].[Name_Subject], [s].[User_ID]
      FROM [Subject] AS [s]
      WHERE [s].[ID_Subject] = @__p_0
info: Microsoft.EntityFrameworkCore.Database.Command[20101]
      Executed DbCommand (1ms) [Parameters=[], CommandType='Text', CommandTimeout='30']
      SELECT [c].[ID_CompletedWork], [c].[AttemptCount], [c].[DateUpload_CompletedWork], [c].[Grade], [c].[Name_FileCompletedWork], [c].[PracticalWork_ID], [c].[Status_ID], [c].[TimeUpload_CompletedWork], [c].[URL_FileCompletedWork], [c].[User_ID]
      FROM [CompletedWork] AS [c]
info: Microsoft.EntityFrameworkCore.Database.Command[20101]
      Executed DbCommand (1ms) [Parameters=[], CommandType='Text', CommandTimeout='30']
      SELECT [u].[ID_User], [u].[Email], [u].[FirstName], [u].[ID_Group], [u].[ID_Role], [u].[Login], [u].[MiddleName], [u].[Password], [u].[SecondName]
      FROM [User] AS [u]
info: Microsoft.EntityFrameworkCore.Database.Command[20101]
      Executed DbCommand (1ms) [Parameters=[], CommandType='Text', CommandTimeout='30']
      SELECT [u].[ID_User], [u].[Email], [u].[FirstName], [u].[ID_Group], [u].[ID_Role], [u].[Login], [u].[MiddleName], [u].[Password], [u].[SecondName]
      FROM [User] AS [u]
info: Microsoft.EntityFrameworkCore.Database.Command[20101]
      Executed DbCommand (1ms) [Parameters=[], CommandType='Text', CommandTimeout='30']
      SELECT [s].[ID_Subject], [s].[ID_Group], [s].[Name_Subject], [s].[User_ID]
      FROM [Subject] AS [s]
info: Microsoft.EntityFrameworkCore.Database.Command[20101]
      Executed DbCommand (2ms) [Parameters=[], CommandType='Text', CommandTimeout='30']
      SELECT [g].[ID_Group], [g].[Name_Group]
      FROM [Group] AS [g]
info: Microsoft.EntityFrameworkCore.Database.Command[20101]
      Executed DbCommand (1ms) [Parameters=[], CommandType='Text', CommandTimeout='30']
      SELECT [u].[ID_User], [u].[Email], [u].[FirstName], [u].[ID_Group], [u].[ID_Role], [u].[Login], [u].[MiddleName], [u].[Password], [u].[SecondName]
      FROM [User] AS [u]
info: Microsoft.EntityFrameworkCore.Database.Command[20101]
      Executed DbCommand (1ms) [Parameters=[@__p_0='?' (DbType = Int32)], CommandType='Text', CommandTimeout='30']
      SELECT TOP(1) [s].[ID_Subject], [s].[ID_Group], [s].[Name_Subject], [s].[User_ID]
      FROM [Subject] AS [s]
      WHERE [s].[ID_Subject] = @__p_0
info: Microsoft.EntityFrameworkCore.Database.Command[20101]
      Executed DbCommand (1ms) [Parameters=[@__p_0='?' (DbType = Int32)], CommandType='Text', CommandTimeout='30']
      SELECT TOP(1) [g].[ID_Group], [g].[Name_Group]
      FROM [Group] AS [g]
      WHERE [g].[ID_Group] = @__p_0
info: Microsoft.EntityFrameworkCore.Database.Command[20101]
      Executed DbCommand (1ms) [Parameters=[], CommandType='Text', CommandTimeout='30']
      SELECT [u].[ID_User], [u].[Email], [u].[FirstName], [u].[ID_Group], [u].[ID_Role], [u].[Login], [u].[MiddleName], [u].[Password], [u].[SecondName]
      FROM [User] AS [u]
info: Microsoft.EntityFrameworkCore.Database.Command[20101]
      Executed DbCommand (1ms) [Parameters=[], CommandType='Text', CommandTimeout='30']
      SELECT [l].[ID_LectionMaterial], [l].[DateUpload_LectionMaterial], [l].[Description_LectionMaterial], [l].[Name_FileLection], [l].[Name_LectionMaterial], [l].[Subject_ID], [l].[TimeUpload_LectionMaterial], [l].[URL_FileLection], [l].[User_ID]
      FROM [LectionMaterial] AS [l]
info: Microsoft.EntityFrameworkCore.Database.Command[20101]
      Executed DbCommand (1ms) [Parameters=[], CommandType='Text', CommandTimeout='30']
      SELECT [p].[ID_PracticalWork], [p].[DateUpload_PracticalWork], [p].[Description_PracticalWork], [p].[Name_FilePracticalWork], [p].[Name_PracticalWork], [p].[Subject_ID], [p].[TimeUpload_PracticalWork], [p].[URL_FilePracticalWork], [p].[User_ID]
      FROM [PracticalWork] AS [p]
info: Microsoft.EntityFrameworkCore.Database.Command[20101]
      Executed DbCommand (1ms) [Parameters=[], CommandType='Text', CommandTimeout='30']
      SELECT [t].[ID_Test], [t].[DateUpload_Test], [t].[Description_Test], [t].[Name_Test], [t].[Subject_ID], [t].[TimeLimit], [t].[TimeUpload_Test], [t].[User_ID]
      FROM [Tests] AS [t]
info: Microsoft.EntityFrameworkCore.Database.Command[20101]
      Executed DbCommand (1ms) [Parameters=[@__p_0='?' (DbType = Int32)], CommandType='Text', CommandTimeout='30']
      SELECT TOP(1) [u].[ID_User], [u].[Email], [u].[FirstName], [u].[ID_Group], [u].[ID_Role], [u].[Login], [u].[MiddleName], [u].[Password], [u].[SecondName]
      FROM [User] AS [u]
      WHERE [u].[ID_User] = @__p_0
info: Microsoft.EntityFrameworkCore.Database.Command[20101]
      Executed DbCommand (1ms) [Parameters=[], CommandType='Text', CommandTimeout='30']
      SELECT [u].[ID_User], [u].[Email], [u].[FirstName], [u].[ID_Group], [u].[ID_Role], [u].[Login], [u].[MiddleName], [u].[Password], [u].[SecondName]
      FROM [User] AS [u]
info: Microsoft.EntityFrameworkCore.Database.Command[20101]
      Executed DbCommand (1ms) [Parameters=[@__p_0='?' (DbType = Int32)], CommandType='Text', CommandTimeout='30']
      SELECT TOP(1) [p].[ID_PracticalWork], [p].[DateUpload_PracticalWork], [p].[Description_PracticalWork], [p].[Name_FilePracticalWork], [p].[Name_PracticalWork], [p].[Subject_ID], [p].[TimeUpload_PracticalWork], [p].[URL_FilePracticalWork], [p].[User_ID]
      FROM [PracticalWork] AS [p]
      WHERE [p].[ID_PracticalWork] = @__p_0
info: Microsoft.EntityFrameworkCore.Database.Command[20101]
      Executed DbCommand (1ms) [Parameters=[@__p_0='?' (DbType = Int32)], CommandType='Text', CommandTimeout='30']
      SELECT TOP(1) [s].[ID_Subject], [s].[ID_Group], [s].[Name_Subject], [s].[User_ID]
      FROM [Subject] AS [s]
      WHERE [s].[ID_Subject] = @__p_0
info: Microsoft.EntityFrameworkCore.Database.Command[20101]
      Executed DbCommand (1ms) [Parameters=[], CommandType='Text', CommandTimeout='30']
      SELECT [c].[ID_CompletedWork], [c].[AttemptCount], [c].[DateUpload_CompletedWork], [c].[Grade], [c].[Name_FileCompletedWork], [c].[PracticalWork_ID], [c].[Status_ID], [c].[TimeUpload_CompletedWork], [c].[URL_FileCompletedWork], [c].[User_ID]
      FROM [CompletedWork] AS [c]
info: Microsoft.EntityFrameworkCore.Database.Command[20101]
      Executed DbCommand (1ms) [Parameters=[], CommandType='Text', CommandTimeout='30']
      SELECT [u].[ID_User], [u].[Email], [u].[FirstName], [u].[ID_Group], [u].[ID_Role], [u].[Login], [u].[MiddleName], [u].[Password], [u].[SecondName]
      FROM [User] AS [u]
info: Microsoft.EntityFrameworkCore.Database.Command[20101]
      Executed DbCommand (1ms) [Parameters=[@__p_0='?' (DbType = Int32)], CommandType='Text', CommandTimeout='30']
      SELECT TOP(1) [u].[ID_User], [u].[Email], [u].[FirstName], [u].[ID_Group], [u].[ID_Role], [u].[Login], [u].[MiddleName], [u].[Password], [u].[SecondName]
      FROM [User] AS [u]
      WHERE [u].[ID_User] = @__p_0
info: Microsoft.EntityFrameworkCore.Database.Command[20101]
      Executed DbCommand (1ms) [Parameters=[], CommandType='Text', CommandTimeout='30']
      SELECT [c].[ID_CompletedWork], [c].[AttemptCount], [c].[DateUpload_CompletedWork], [c].[Grade], [c].[Name_FileCompletedWork], [c].[PracticalWork_ID], [c].[Status_ID], [c].[TimeUpload_CompletedWork], [c].[URL_FileCompletedWork], [c].[User_ID]
      FROM [CompletedWork] AS [c]
info: Microsoft.EntityFrameworkCore.Database.Command[20101]
      Executed DbCommand (1ms) [Parameters=[], CommandType='Text', CommandTimeout='30']
      SELECT [s].[ID_Status], [s].[Name_Status]
      FROM [Status] AS [s]
info: Microsoft.EntityFrameworkCore.Database.Command[20101]
      Executed DbCommand (2ms) [Parameters=[@p9='?' (DbType = Int32), @p0='?' (DbType = Int32), @p1='?' (DbType = Date), @p2='?' (Size = 64), @p3='?' (Size = 64), @p4='?' (DbType = Int32), @p5='?' (DbType = Int32), @p6='?' (DbType = Time), @p7='?' (Size = 3000), @p8='?' (DbType = Int32)], CommandType='Text', CommandTimeout='30']
      SET IMPLICIT_TRANSACTIONS OFF;
      SET NOCOUNT ON;
      UPDATE [CompletedWork] SET [AttemptCount] = @p0, [DateUpload_CompletedWork] = @p1, [Grade] = @p2, [Name_FileCompletedWork] = @p3, [PracticalWork_ID] = @p4, [Status_ID] = @p5, [TimeUpload_CompletedWork] = @p6, [URL_FileCompletedWork] = @p7, [User_ID] = @p8
      OUTPUT 1
      WHERE [ID_CompletedWork] = @p9;
info: Microsoft.EntityFrameworkCore.Database.Command[20101]
      Executed DbCommand (1ms) [Parameters=[@__p_0='?' (DbType = Int32)], CommandType='Text', CommandTimeout='30']
      SELECT TOP(1) [p].[ID_PracticalWork], [p].[DateUpload_PracticalWork], [p].[Description_PracticalWork], [p].[Name_FilePracticalWork], [p].[Name_PracticalWork], [p].[Subject_ID], [p].[TimeUpload_PracticalWork], [p].[URL_FilePracticalWork], [p].[User_ID]
      FROM [PracticalWork] AS [p]
      WHERE [p].[ID_PracticalWork] = @__p_0
info: Microsoft.EntityFrameworkCore.Database.Command[20101]
      Executed DbCommand (2ms) [Parameters=[@__p_0='?' (DbType = Int32)], CommandType='Text', CommandTimeout='30']
      SELECT TOP(1) [s].[ID_Subject], [s].[ID_Group], [s].[Name_Subject], [s].[User_ID]
      FROM [Subject] AS [s]
      WHERE [s].[ID_Subject] = @__p_0
info: Microsoft.EntityFrameworkCore.Database.Command[20101]
      Executed DbCommand (1ms) [Parameters=[], CommandType='Text', CommandTimeout='30']
      SELECT [c].[ID_CompletedWork], [c].[AttemptCount], [c].[DateUpload_CompletedWork], [c].[Grade], [c].[Name_FileCompletedWork], [c].[PracticalWork_ID], [c].[Status_ID], [c].[TimeUpload_CompletedWork], [c].[URL_FileCompletedWork], [c].[User_ID]
      FROM [CompletedWork] AS [c]
info: Microsoft.EntityFrameworkCore.Database.Command[20101]
      Executed DbCommand (1ms) [Parameters=[], CommandType='Text', CommandTimeout='30']
      SELECT [u].[ID_User], [u].[Email], [u].[FirstName], [u].[ID_Group], [u].[ID_Role], [u].[Login], [u].[MiddleName], [u].[Password], [u].[SecondName]
      FROM [User] AS [u]
info: Microsoft.EntityFrameworkCore.Database.Command[20101]
      Executed DbCommand (1ms) [Parameters=[@__p_0='?' (DbType = Int32)], CommandType='Text', CommandTimeout='30']
      SELECT TOP(1) [p].[ID_PracticalWork], [p].[DateUpload_PracticalWork], [p].[Description_PracticalWork], [p].[Name_FilePracticalWork], [p].[Name_PracticalWork], [p].[Subject_ID], [p].[TimeUpload_PracticalWork], [p].[URL_FilePracticalWork], [p].[User_ID]
      FROM [PracticalWork] AS [p]
      WHERE [p].[ID_PracticalWork] = @__p_0
info: Microsoft.EntityFrameworkCore.Database.Command[20101]
      Executed DbCommand (1ms) [Parameters=[@__p_0='?' (DbType = Int32)], CommandType='Text', CommandTimeout='30']
      SELECT TOP(1) [s].[ID_Subject], [s].[ID_Group], [s].[Name_Subject], [s].[User_ID]
      FROM [Subject] AS [s]
      WHERE [s].[ID_Subject] = @__p_0
info: Microsoft.EntityFrameworkCore.Database.Command[20101]
      Executed DbCommand (1ms) [Parameters=[@__p_0='?' (DbType = Int32)], CommandType='Text', CommandTimeout='30']
      SELECT TOP(1) [g].[ID_Group], [g].[Name_Group]
      FROM [Group] AS [g]
      WHERE [g].[ID_Group] = @__p_0
info: Microsoft.EntityFrameworkCore.Database.Command[20101]
      Executed DbCommand (2ms) [Parameters=[@__id_0='?' (DbType = Int32)], CommandType='Text', CommandTimeout='30']
      SELECT [c].[ID_CompletedWork], [c].[AttemptCount], [c].[DateUpload_CompletedWork], [c].[Grade], [c].[Name_FileCompletedWork], [c].[PracticalWork_ID], [c].[Status_ID], [c].[TimeUpload_CompletedWork], [c].[URL_FileCompletedWork], [c].[User_ID]
      FROM [CompletedWork] AS [c]
      WHERE [c].[PracticalWork_ID] = @__id_0
info: Microsoft.EntityFrameworkCore.Database.Command[20101]
      Executed DbCommand (1ms) [Parameters=[@__p_0='?' (DbType = Int32)], CommandType='Text', CommandTimeout='30']
      SELECT TOP(1) [u].[ID_User], [u].[Email], [u].[FirstName], [u].[ID_Group], [u].[ID_Role], [u].[Login], [u].[MiddleName], [u].[Password], [u].[SecondName]
      FROM [User] AS [u]
      WHERE [u].[ID_User] = @__p_0
info: Microsoft.EntityFrameworkCore.Database.Command[20101]
      Executed DbCommand (1ms) [Parameters=[@__p_0='?' (DbType = Int32)], CommandType='Text', CommandTimeout='30']
      SELECT TOP(1) [u].[ID_User], [u].[Email], [u].[FirstName], [u].[ID_Group], [u].[ID_Role], [u].[Login], [u].[MiddleName], [u].[Password], [u].[SecondName]
      FROM [User] AS [u]
      WHERE [u].[ID_User] = @__p_0
info: Microsoft.EntityFrameworkCore.Database.Command[20101]
      Executed DbCommand (1ms) [Parameters=[], CommandType='Text', CommandTimeout='30']
      SELECT [u].[ID_User], [u].[Email], [u].[FirstName], [u].[ID_Group], [u].[ID_Role], [u].[Login], [u].[MiddleName], [u].[Password], [u].[SecondName]
      FROM [User] AS [u]
info: Microsoft.EntityFrameworkCore.Database.Command[20101]
      Executed DbCommand (2ms) [Parameters=[], CommandType='Text', CommandTimeout='30']
      SELECT [u].[ID_User], [u].[Email], [u].[FirstName], [u].[ID_Group], [u].[ID_Role], [u].[Login], [u].[MiddleName], [u].[Password], [u].[SecondName]
      FROM [User] AS [u]
info: Microsoft.EntityFrameworkCore.Database.Command[20101]
      Executed DbCommand (1ms) [Parameters=[], CommandType='Text', CommandTimeout='30']
      SELECT [u].[ID_User], [u].[Email], [u].[FirstName], [u].[ID_Group], [u].[ID_Role], [u].[Login], [u].[MiddleName], [u].[Password], [u].[SecondName]
      FROM [User] AS [u]
info: Microsoft.EntityFrameworkCore.Database.Command[20101]
      Executed DbCommand (1ms) [Parameters=[], CommandType='Text', CommandTimeout='30']
      SELECT [u].[ID_User], [u].[Email], [u].[FirstName], [u].[ID_Group], [u].[ID_Role], [u].[Login], [u].[MiddleName], [u].[Password], [u].[SecondName]
      FROM [User] AS [u]
info: Microsoft.EntityFrameworkCore.Database.Command[20101]
      Executed DbCommand (1ms) [Parameters=[], CommandType='Text', CommandTimeout='30']
      SELECT [u].[ID_User], [u].[Email], [u].[FirstName], [u].[ID_Group], [u].[ID_Role], [u].[Login], [u].[MiddleName], [u].[Password], [u].[SecondName]
      FROM [User] AS [u]
info: Microsoft.EntityFrameworkCore.Database.Command[20101]
      Executed DbCommand (1ms) [Parameters=[], CommandType='Text', CommandTimeout='30']
      SELECT [u].[ID_User], [u].[Email], [u].[FirstName], [u].[ID_Group], [u].[ID_Role], [u].[Login], [u].[MiddleName], [u].[Password], [u].[SecondName]
      FROM [User] AS [u]
info: Microsoft.EntityFrameworkCore.Database.Command[20101]
      Executed DbCommand (1ms) [Parameters=[], CommandType='Text', CommandTimeout='30']
      SELECT [u].[ID_User], [u].[Email], [u].[FirstName], [u].[ID_Group], [u].[ID_Role], [u].[Login], [u].[MiddleName], [u].[Password], [u].[SecondName]
      FROM [User] AS [u]
info: Microsoft.Hosting.Lifetime[0]
      Application is shutting down...
